FULL PATH ARGUMENT: /home/conan/soft/labjack_switch_board/t4_ds_config_pin_8.py
CONFIG_FILE: t4_ds_config_pin_8.py
origin: CRON 
info: (4, 6, 440010664, -1062731675, 52362, 1040)
ip:192.168.0.101

##################################################
i: 1 / cycle_delay: 300s / temperature_device: 28.0 Celsius
ONEWIRE_LOCK >>> block, WAIT 2021-10-05 20:10:02.962241
ONEWIRE_LOCK >>> block, WAIT 2021-10-05 20:10:03.963685
ONEWIRE_LOCK >>> block, WAIT 2021-10-05 20:10:04.965044
ONEWIRE_LOCK >>> block, WAIT 2021-10-05 20:10:05.965592
ONEWIRE_LOCK >>> block, WAIT 2021-10-05 20:10:06.966013

data write to: /home/conan/soft/labjack_switch_board/onewire_dict.lock

>>> DQ pin = 8 / DPU pin = 0 / Options = 0
>>> OBJECT: ds_pin_8

20.5625 C / 0b101001001 / 329 = 73 + 256 / rom: 841704586024 + hex: 0xc3f980bb28 / 2021-10-05 20:10:10.036898 / dataRX: [73, 1, 75, 70, 127, 255, 12, 16, 213]

data write to: /home/conan/soft/labjack_switch_board/onewire_dict.lock

measurement,host,Machine,DsId,DsPin,DsCarrier,DsValid,DsDecimal,ts
dallas,ruth,hrnecek_s_ledem,841704586024,8,labjack,true,20.5625,1633457409008

data write to: /home/conan/soft/labjack_switch_board/csv/2021_10_05_ds_sensor.csv

origin: CRON / once
handler exit
