FULL PATH ARGUMENT: /home/conan/soft/labjack_switch_board/t4_ds_config_pin_14.py
CONFIG_FILE: t4_ds_config_pin_14.py
origin: CRON 
info: (4, 6, 440010664, -1062731675, 52362, 1040)
ip:192.168.0.101

##################################################
i: 1 / cycle_delay: 300s / temperature_device: 28.0 Celsius

data write to: /home/conan/soft/labjack_switch_board/onewire_dict.lock

>>> DQ pin = 14 / DPU pin = 0 / Options = 0
>>> OBJECT: ds_pin_14

20.4375 C / 0b101000111 / 327 = 71 + 256 / rom: 96928329000 + hex: 0x169160ed28 / 2021-10-05 20:10:05.046382 / dataRX: [71, 1, 75, 70, 127, 255, 12, 16, 108]
20.375 C / 0b101000110 / 326 = 70 + 256 / rom: 910462155048 + hex: 0xd3fbc5f928 / 2021-10-05 20:10:06.148790 / dataRX: [70, 1, 75, 70, 127, 255, 10, 16, 133]
20.4375 C / 0b101000111 / 327 = 71 + 256 / rom: 1052176647976 + hex: 0xf4fa9d8728 / 2021-10-05 20:10:07.252143 / dataRX: [71, 1, 75, 70, 127, 255, 9, 16, 147]

data write to: /home/conan/soft/labjack_switch_board/onewire_dict.lock

measurement,host,Machine,DsId,DsPin,DsCarrier,DsValid,DsDecimal,ts
dallas,ruth,mrazak,96928329000,14,labjack,true,20.4375,1633457404015
dallas,ruth,mrazak,910462155048,14,labjack,true,20.375,1633457405119
dallas,ruth,mrazak,1052176647976,14,labjack,true,20.4375,1633457406219

data write to: /home/conan/soft/labjack_switch_board/csv/2021_10_05_ds_sensor.csv

origin: CRON / once
handler exit
